<?xml version="1.0" encoding="UTF-8"?>
<coverage generated="1775765393187" clover="3.2.0">
  <project timestamp="1775765393188" name="All files">
    <metrics statements="124" coveredstatements="118" conditionals="74" coveredconditionals="55" methods="17" coveredmethods="17" elements="215" coveredelements="190" complexity="0" loc="124" ncloc="124" packages="1" files="3" classes="3"/>
    <file name="cache.ts" path="/home/dministrator/allrate/sdks/react/src/cache.ts">
      <metrics statements="23" coveredstatements="21" conditionals="18" coveredconditionals="14" methods="4" coveredmethods="4"/>
      <line num="3" count="1" type="stmt"/>
      <line num="4" count="1" type="stmt"/>
      <line num="5" count="1" type="stmt"/>
      <line num="12" count="1" type="stmt"/>
      <line num="15" count="2" type="cond" truecount="3" falsecount="1"/>
      <line num="16" count="2" type="stmt"/>
      <line num="17" count="2" type="stmt"/>
      <line num="18" count="2" type="cond" truecount="2" falsecount="0"/>
      <line num="19" count="1" type="stmt"/>
      <line num="20" count="1" type="cond" truecount="1" falsecount="1"/>
      <line num="21" count="1" type="stmt"/>
      <line num="23" count="0" type="stmt"/>
      <line num="27" count="0" type="stmt"/>
      <line num="31" count="1" type="cond" truecount="3" falsecount="1"/>
      <line num="32" count="1" type="stmt"/>
      <line num="33" count="1" type="stmt"/>
      <line num="34" count="1" type="stmt"/>
      <line num="41" count="2" type="stmt"/>
      <line num="42" count="2" type="cond" truecount="4" falsecount="0"/>
      <line num="43" count="1" type="stmt"/>
      <line num="45" count="1" type="cond" truecount="1" falsecount="1"/>
      <line num="46" count="1" type="stmt"/>
      <line num="50" count="1" type="stmt"/>
    </file>
    <file name="components.tsx" path="/home/dministrator/allrate/sdks/react/src/components.tsx">
      <metrics statements="18" coveredstatements="16" conditionals="16" coveredconditionals="15" methods="1" coveredmethods="1"/>
      <line num="29" count="12" type="stmt"/>
      <line num="38" count="12" type="cond" truecount="2" falsecount="0"/>
      <line num="39" count="6" type="cond" truecount="2" falsecount="0"/>
      <line num="40" count="5" type="stmt"/>
      <line num="43" count="5" type="cond" truecount="4" falsecount="0"/>
      <line num="44" count="2" type="cond" truecount="4" falsecount="0"/>
      <line num="45" count="1" type="stmt"/>
      <line num="48" count="1" type="stmt"/>
      <line num="49" count="1" type="stmt"/>
      <line num="53" count="1" type="stmt"/>
      <line num="55" count="0" type="stmt"/>
      <line num="63" count="3" type="cond" truecount="1" falsecount="1"/>
      <line num="65" count="12" type="cond" truecount="2" falsecount="0"/>
      <line num="66" count="1" type="stmt"/>
      <line num="69" count="2" type="stmt"/>
      <line num="70" count="2" type="stmt"/>
      <line num="74" count="2" type="stmt"/>
      <line num="76" count="0" type="stmt"/>
    </file>
    <file name="hooks.ts" path="/home/dministrator/allrate/sdks/react/src/hooks.ts">
      <metrics statements="83" coveredstatements="81" conditionals="40" coveredconditionals="26" methods="12" coveredmethods="12"/>
      <line num="35" count="26" type="stmt"/>
      <line num="37" count="26" type="stmt"/>
      <line num="39" count="26" type="stmt"/>
      <line num="40" count="26" type="stmt"/>
      <line num="43" count="26" type="stmt"/>
      <line num="44" count="26" type="stmt"/>
      <line num="45" count="26" type="stmt"/>
      <line num="48" count="26" type="stmt"/>
      <line num="49" count="26" type="stmt"/>
      <line num="50" count="26" type="stmt"/>
      <line num="51" count="26" type="stmt"/>
      <line num="53" count="26" type="stmt"/>
      <line num="54" count="14" type="stmt"/>
      <line num="57" count="14" type="stmt"/>
      <line num="58" count="14" type="stmt"/>
      <line num="60" count="14" type="stmt"/>
      <line num="62" count="14" type="stmt"/>
      <line num="63" count="14" type="cond" truecount="2" falsecount="0"/>
      <line num="64" count="11" type="stmt"/>
      <line num="67" count="13" type="cond" truecount="1" falsecount="1"/>
      <line num="68" count="13" type="stmt"/>
      <line num="71" count="13" type="stmt"/>
      <line num="72" count="10" type="cond" truecount="1" falsecount="1"/>
      <line num="74" count="10" type="stmt"/>
      <line num="75" count="10" type="stmt"/>
      <line num="76" count="10" type="stmt"/>
      <line num="78" count="10" type="stmt"/>
      <line num="84" count="4" type="cond" truecount="1" falsecount="1"/>
      <line num="85" count="4" type="cond" truecount="1" falsecount="1"/>
      <line num="86" count="4" type="stmt"/>
      <line num="87" count="4" type="stmt"/>
      <line num="89" count="14" type="cond" truecount="1" falsecount="1"/>
      <line num="93" count="14" type="stmt"/>
      <line num="94" count="14" type="stmt"/>
      <line num="97" count="26" type="stmt"/>
      <line num="131" count="13" type="stmt"/>
      <line num="133" count="13" type="stmt"/>
      <line num="135" count="13" type="stmt"/>
      <line num="138" count="13" type="stmt"/>
      <line num="139" count="13" type="stmt"/>
      <line num="140" count="13" type="stmt"/>
      <line num="142" count="13" type="stmt"/>
      <line num="143" count="13" type="stmt"/>
      <line num="144" count="13" type="stmt"/>
      <line num="145" count="13" type="stmt"/>
      <line num="147" count="13" type="stmt"/>
      <line num="148" count="7" type="stmt"/>
      <line num="151" count="7" type="stmt"/>
      <line num="152" count="7" type="stmt"/>
      <line num="154" count="7" type="stmt"/>
      <line num="155" count="7" type="stmt"/>
      <line num="156" count="7" type="cond" truecount="2" falsecount="0"/>
      <line num="157" count="6" type="stmt"/>
      <line num="160" count="7" type="cond" truecount="1" falsecount="1"/>
      <line num="161" count="7" type="stmt"/>
      <line num="163" count="7" type="stmt"/>
      <line num="164" count="6" type="cond" truecount="1" falsecount="1"/>
      <line num="166" count="6" type="stmt"/>
      <line num="167" count="6" type="stmt"/>
      <line num="169" count="1" type="cond" truecount="1" falsecount="1"/>
      <line num="170" count="1" type="cond" truecount="1" falsecount="1"/>
      <line num="171" count="1" type="stmt"/>
      <line num="172" count="1" type="stmt"/>
      <line num="174" count="7" type="cond" truecount="1" falsecount="1"/>
      <line num="178" count="7" type="stmt"/>
      <line num="179" count="7" type="stmt"/>
      <line num="182" count="13" type="cond" truecount="2" falsecount="0"/>
      <line num="184" count="13" type="stmt"/>
      <line num="186" count="4" type="cond" truecount="2" falsecount="0"/>
      <line num="187" count="3" type="stmt"/>
      <line num="192" count="13" type="stmt"/>
      <line num="193" count="12" type="cond" truecount="2" falsecount="0"/>
      <line num="194" count="6" type="stmt"/>
      <line num="195" count="6" type="stmt"/>
      <line num="200" count="0" type="stmt"/>
      <line num="204" count="13" type="stmt"/>
      <line num="206" count="2" type="cond" truecount="1" falsecount="1"/>
      <line num="207" count="0" type="cond" truecount="0" falsecount="2"/>
      <line num="212" count="13" type="stmt"/>
      <line num="214" count="1" type="stmt"/>
      <line num="215" count="1" type="cond" truecount="1" falsecount="1"/>
      <line num="216" count="1" type="stmt"/>
      <line num="221" count="13" type="stmt"/>
    </file>
  </project>
</coverage>
