{"/home/dministrator/allrate/sdks/react/src/cache.ts": {"path":"/home/dministrator/allrate/sdks/react/src/cache.ts","statementMap":{"0":{"start":{"line":3,"column":22},"end":{"line":3,"column":null}},"1":{"start":{"line":4,"column":22},"end":{"line":4,"column":null}},"2":{"start":{"line":5,"column":23},"end":{"line":5,"column":null}},"3":{"start":{"line":12,"column":20},"end":{"line":12,"column":58}},"4":{"start":{"line":15,"column":2},"end":{"line":15,"column":null}},"5":{"start":{"line":15,"column":61},"end":{"line":15,"column":null}},"6":{"start":{"line":16,"column":2},"end":{"line":24,"column":null}},"7":{"start":{"line":17,"column":16},"end":{"line":17,"column":51}},"8":{"start":{"line":18,"column":4},"end":{"line":18,"column":null}},"9":{"start":{"line":18,"column":14},"end":{"line":18,"column":null}},"10":{"start":{"line":19,"column":38},"end":{"line":19,"column":53}},"11":{"start":{"line":20,"column":4},"end":{"line":21,"column":null}},"12":{"start":{"line":21,"column":6},"end":{"line":21,"column":null}},"13":{"start":{"line":23,"column":4},"end":{"line":23,"column":null}},"14":{"start":{"line":27,"column":2},"end":{"line":27,"column":null}},"15":{"start":{"line":31,"column":2},"end":{"line":31,"column":null}},"16":{"start":{"line":31,"column":61},"end":{"line":31,"column":null}},"17":{"start":{"line":32,"column":2},"end":{"line":35,"column":null}},"18":{"start":{"line":33,"column":38},"end":{"line":33,"column":null}},"19":{"start":{"line":34,"column":4},"end":{"line":34,"column":null}},"20":{"start":{"line":41,"column":16},"end":{"line":41,"column":36}},"21":{"start":{"line":42,"column":2},"end":{"line":43,"column":null}},"22":{"start":{"line":43,"column":4},"end":{"line":43,"column":null}},"23":{"start":{"line":45,"column":2},"end":{"line":45,"column":null}},"24":{"start":{"line":45,"column":13},"end":{"line":45,"column":null}},"25":{"start":{"line":46,"column":2},"end":{"line":46,"column":null}},"26":{"start":{"line":50,"column":2},"end":{"line":50,"column":null}}},"fnMap":{"0":{"name":"getCachedGeo","decl":{"start":{"line":14,"column":16},"end":{"line":14,"column":46}},"loc":{"start":{"line":14,"column":46},"end":{"line":27,"column":null}},"line":14},"1":{"name":"setCachedGeo","decl":{"start":{"line":30,"column":16},"end":{"line":30,"column":29}},"loc":{"start":{"line":30,"column":53},"end":{"line":35,"column":null}},"line":30},"2":{"name":"getCachedRate","decl":{"start":{"line":40,"column":16},"end":{"line":40,"column":30}},"loc":{"start":{"line":40,"column":58},"end":{"line":46,"column":null}},"line":40},"3":{"name":"setCachedRate","decl":{"start":{"line":49,"column":16},"end":{"line":49,"column":30}},"loc":{"start":{"line":49,"column":63},"end":{"line":50,"column":null}},"line":49}},"branchMap":{"0":{"loc":{"start":{"line":15,"column":2},"end":{"line":15,"column":null}},"type":"if","locations":[{"start":{"line":15,"column":2},"end":{"line":15,"column":null}},{"start":{},"end":{}}],"line":15},"1":{"loc":{"start":{"line":15,"column":6},"end":{"line":15,"column":61}},"type":"binary-expr","locations":[{"start":{"line":15,"column":6},"end":{"line":15,"column":39}},{"start":{"line":15,"column":39},"end":{"line":15,"column":61}}],"line":15},"2":{"loc":{"start":{"line":18,"column":4},"end":{"line":18,"column":null}},"type":"if","locations":[{"start":{"line":18,"column":4},"end":{"line":18,"column":null}},{"start":{},"end":{}}],"line":18},"3":{"loc":{"start":{"line":20,"column":4},"end":{"line":21,"column":null}},"type":"if","locations":[{"start":{"line":20,"column":4},"end":{"line":21,"column":null}},{"start":{},"end":{}}],"line":20},"4":{"loc":{"start":{"line":31,"column":2},"end":{"line":31,"column":null}},"type":"if","locations":[{"start":{"line":31,"column":2},"end":{"line":31,"column":null}},{"start":{},"end":{}}],"line":31},"5":{"loc":{"start":{"line":31,"column":6},"end":{"line":31,"column":61}},"type":"binary-expr","locations":[{"start":{"line":31,"column":6},"end":{"line":31,"column":39}},{"start":{"line":31,"column":39},"end":{"line":31,"column":61}}],"line":31},"6":{"loc":{"start":{"line":42,"column":2},"end":{"line":43,"column":null}},"type":"if","locations":[{"start":{"line":42,"column":2},"end":{"line":43,"column":null}},{"start":{},"end":{}}],"line":42},"7":{"loc":{"start":{"line":42,"column":6},"end":{"line":42,"column":62}},"type":"binary-expr","locations":[{"start":{"line":42,"column":6},"end":{"line":42,"column":15}},{"start":{"line":42,"column":15},"end":{"line":42,"column":62}}],"line":42},"8":{"loc":{"start":{"line":45,"column":2},"end":{"line":45,"column":null}},"type":"if","locations":[{"start":{"line":45,"column":2},"end":{"line":45,"column":null}},{"start":{},"end":{}}],"line":45}},"s":{"0":1,"1":1,"2":1,"3":1,"4":2,"5":0,"6":2,"7":2,"8":2,"9":1,"10":1,"11":1,"12":1,"13":0,"14":0,"15":1,"16":0,"17":1,"18":1,"19":1,"20":2,"21":2,"22":1,"23":1,"24":0,"25":1,"26":1},"f":{"0":2,"1":1,"2":2,"3":1},"b":{"0":[0,2],"1":[2,2],"2":[1,1],"3":[1,0],"4":[0,1],"5":[1,1],"6":[1,1],"7":[2,1],"8":[0,1]},"meta":{"lastBranch":9,"lastFunction":4,"lastStatement":27,"seen":{"s:3:22:3:Infinity":0,"s:4:22:4:Infinity":1,"s:5:23:5:Infinity":2,"s:12:20:12:58":3,"f:14:16:14:46":0,"b:15:2:15:Infinity:undefined:undefined:undefined:undefined":0,"s:15:2:15:Infinity":4,"b:15:6:15:39:15:39:15:61":1,"s:15:61:15:Infinity":5,"s:16:2:24:Infinity":6,"s:17:16:17:51":7,"b:18:4:18:Infinity:undefined:undefined:undefined:undefined":2,"s:18:4:18:Infinity":8,"s:18:14:18:Infinity":9,"s:19:38:19:53":10,"b:20:4:21:Infinity:undefined:undefined:undefined:undefined":3,"s:20:4:21:Infinity":11,"s:21:6:21:Infinity":12,"s:23:4:23:Infinity":13,"s:27:2:27:Infinity":14,"f:30:16:30:29":1,"b:31:2:31:Infinity:undefined:undefined:undefined:undefined":4,"s:31:2:31:Infinity":15,"b:31:6:31:39:31:39:31:61":5,"s:31:61:31:Infinity":16,"s:32:2:35:Infinity":17,"s:33:38:33:Infinity":18,"s:34:4:34:Infinity":19,"f:40:16:40:30":2,"s:41:16:41:36":20,"b:42:2:43:Infinity:undefined:undefined:undefined:undefined":6,"s:42:2:43:Infinity":21,"b:42:6:42:15:42:15:42:62":7,"s:43:4:43:Infinity":22,"b:45:2:45:Infinity:undefined:undefined:undefined:undefined":8,"s:45:2:45:Infinity":23,"s:45:13:45:Infinity":24,"s:46:2:46:Infinity":25,"f:49:16:49:30":3,"s:50:2:50:Infinity":26}}}
,"/home/dministrator/allrate/sdks/react/src/components.tsx": {"path":"/home/dministrator/allrate/sdks/react/src/components.tsx","statementMap":{"0":{"start":{"line":29,"column":52},"end":{"line":36,"column":6}},"1":{"start":{"line":38,"column":2},"end":{"line":40,"column":null}},"2":{"start":{"line":39,"column":4},"end":{"line":39,"column":null}},"3":{"start":{"line":39,"column":26},"end":{"line":39,"column":null}},"4":{"start":{"line":40,"column":4},"end":{"line":40,"column":null}},"5":{"start":{"line":43,"column":2},"end":{"line":58,"column":null}},"6":{"start":{"line":44,"column":4},"end":{"line":45,"column":null}},"7":{"start":{"line":45,"column":6},"end":{"line":45,"column":null}},"8":{"start":{"line":48,"column":4},"end":{"line":58,"column":null}},"9":{"start":{"line":49,"column":24},"end":{"line":52,"column":26}},"10":{"start":{"line":53,"column":6},"end":{"line":53,"column":null}},"11":{"start":{"line":55,"column":6},"end":{"line":58,"column":null}},"12":{"start":{"line":63,"column":19},"end":{"line":63,"column":62}},"13":{"start":{"line":65,"column":2},"end":{"line":66,"column":null}},"14":{"start":{"line":66,"column":4},"end":{"line":66,"column":null}},"15":{"start":{"line":69,"column":2},"end":{"line":79,"column":null}},"16":{"start":{"line":70,"column":22},"end":{"line":73,"column":29}},"17":{"start":{"line":74,"column":4},"end":{"line":74,"column":null}},"18":{"start":{"line":76,"column":4},"end":{"line":79,"column":null}}},"fnMap":{"0":{"name":"LocalizedPrice","decl":{"start":{"line":19,"column":16},"end":{"line":19,"column":31}},"loc":{"start":{"line":28,"column":44},"end":{"line":79,"column":null}},"line":28}},"branchMap":{"0":{"loc":{"start":{"line":38,"column":2},"end":{"line":40,"column":null}},"type":"if","locations":[{"start":{"line":38,"column":2},"end":{"line":40,"column":null}},{"start":{},"end":{}}],"line":38},"1":{"loc":{"start":{"line":39,"column":4},"end":{"line":39,"column":null}},"type":"if","locations":[{"start":{"line":39,"column":4},"end":{"line":39,"column":null}},{"start":{},"end":{}}],"line":39},"2":{"loc":{"start":{"line":43,"column":2},"end":{"line":58,"column":null}},"type":"if","locations":[{"start":{"line":43,"column":2},"end":{"line":58,"column":null}},{"start":{},"end":{}}],"line":43},"3":{"loc":{"start":{"line":43,"column":6},"end":{"line":43,"column":40}},"type":"binary-expr","locations":[{"start":{"line":43,"column":6},"end":{"line":43,"column":15}},{"start":{"line":43,"column":15},"end":{"line":43,"column":40}}],"line":43},"4":{"loc":{"start":{"line":44,"column":4},"end":{"line":45,"column":null}},"type":"if","locations":[{"start":{"line":44,"column":4},"end":{"line":45,"column":null}},{"start":{},"end":{}}],"line":44},"5":{"loc":{"start":{"line":44,"column":8},"end":{"line":44,"column":33}},"type":"binary-expr","locations":[{"start":{"line":44,"column":8},"end":{"line":44,"column":26}},{"start":{"line":44,"column":26},"end":{"line":44,"column":33}}],"line":44},"6":{"loc":{"start":{"line":63,"column":19},"end":{"line":63,"column":62}},"type":"binary-expr","locations":[{"start":{"line":63,"column":19},"end":{"line":63,"column":36}},{"start":{"line":63,"column":36},"end":{"line":63,"column":62}}],"line":63},"7":{"loc":{"start":{"line":65,"column":2},"end":{"line":66,"column":null}},"type":"if","locations":[{"start":{"line":65,"column":2},"end":{"line":66,"column":null}},{"start":{},"end":{}}],"line":65}},"s":{"0":12,"1":12,"2":6,"3":1,"4":5,"5":5,"6":2,"7":1,"8":1,"9":1,"10":1,"11":0,"12":3,"13":12,"14":1,"15":2,"16":2,"17":2,"18":0},"f":{"0":12},"b":{"0":[6,6],"1":[1,5],"2":[2,3],"3":[5,3],"4":[1,1],"5":[2,1],"6":[3,0],"7":[1,11]},"meta":{"lastBranch":8,"lastFunction":1,"lastStatement":19,"seen":{"f:19:16:19:31":0,"s:29:52:36:6":0,"b:38:2:40:Infinity:undefined:undefined:undefined:undefined":0,"s:38:2:40:Infinity":1,"b:39:4:39:Infinity:undefined:undefined:undefined:undefined":1,"s:39:4:39:Infinity":2,"s:39:26:39:Infinity":3,"s:40:4:40:Infinity":4,"b:43:2:58:Infinity:undefined:undefined:undefined:undefined":2,"s:43:2:58:Infinity":5,"b:43:6:43:15:43:15:43:40":3,"b:44:4:45:Infinity:undefined:undefined:undefined:undefined":4,"s:44:4:45:Infinity":6,"b:44:8:44:26:44:26:44:33":5,"s:45:6:45:Infinity":7,"s:48:4:58:Infinity":8,"s:49:24:52:26":9,"s:53:6:53:Infinity":10,"s:55:6:58:Infinity":11,"s:63:19:63:62":12,"b:63:19:63:36:63:36:63:62":6,"b:65:2:66:Infinity:undefined:undefined:undefined:undefined":7,"s:65:2:66:Infinity":13,"s:66:4:66:Infinity":14,"s:69:2:79:Infinity":15,"s:70:22:73:29":16,"s:74:4:74:Infinity":17,"s:76:4:79:Infinity":18}}}
,"/home/dministrator/allrate/sdks/react/src/hooks.ts": {"path":"/home/dministrator/allrate/sdks/react/src/hooks.ts","statementMap":{"0":{"start":{"line":35,"column":6},"end":{"line":35,"column":null}},"1":{"start":{"line":37,"column":23},"end":{"line":37,"column":44}},"2":{"start":{"line":39,"column":25},"end":{"line":39,"column":75}},"3":{"start":{"line":40,"column":24},"end":{"line":41,"column":null}},"4":{"start":{"line":43,"column":23},"end":{"line":43,"column":71}},"5":{"start":{"line":44,"column":20},"end":{"line":44,"column":50}},"6":{"start":{"line":45,"column":16},"end":{"line":45,"column":56}},"7":{"start":{"line":48,"column":8},"end":{"line":48,"column":40}},"8":{"start":{"line":49,"column":8},"end":{"line":49,"column":36}},"9":{"start":{"line":50,"column":2},"end":{"line":50,"column":null}},"10":{"start":{"line":51,"column":2},"end":{"line":51,"column":null}},"11":{"start":{"line":53,"column":2},"end":{"line":95,"column":null}},"12":{"start":{"line":54,"column":20},"end":{"line":54,"column":null}},"13":{"start":{"line":57,"column":6},"end":{"line":57,"column":null}},"14":{"start":{"line":58,"column":6},"end":{"line":58,"column":null}},"15":{"start":{"line":60,"column":6},"end":{"line":89,"column":null}},"16":{"start":{"line":62,"column":29},"end":{"line":62,"column":58}},"17":{"start":{"line":63,"column":8},"end":{"line":64,"column":null}},"18":{"start":{"line":64,"column":10},"end":{"line":64,"column":null}},"19":{"start":{"line":67,"column":8},"end":{"line":67,"column":null}},"20":{"start":{"line":67,"column":23},"end":{"line":67,"column":null}},"21":{"start":{"line":68,"column":8},"end":{"line":68,"column":null}},"22":{"start":{"line":71,"column":21},"end":{"line":71,"column":74}},"23":{"start":{"line":72,"column":8},"end":{"line":72,"column":null}},"24":{"start":{"line":72,"column":23},"end":{"line":72,"column":null}},"25":{"start":{"line":74,"column":26},"end":{"line":74,"column":63}},"26":{"start":{"line":75,"column":8},"end":{"line":75,"column":null}},"27":{"start":{"line":76,"column":8},"end":{"line":76,"column":null}},"28":{"start":{"line":78,"column":8},"end":{"line":82,"column":null}},"29":{"start":{"line":84,"column":8},"end":{"line":84,"column":null}},"30":{"start":{"line":84,"column":23},"end":{"line":84,"column":null}},"31":{"start":{"line":85,"column":22},"end":{"line":85,"column":73}},"32":{"start":{"line":86,"column":8},"end":{"line":86,"column":null}},"33":{"start":{"line":87,"column":8},"end":{"line":87,"column":null}},"34":{"start":{"line":89,"column":8},"end":{"line":89,"column":null}},"35":{"start":{"line":89,"column":24},"end":{"line":89,"column":null}},"36":{"start":{"line":93,"column":4},"end":{"line":93,"column":null}},"37":{"start":{"line":94,"column":4},"end":{"line":94,"column":null}},"38":{"start":{"line":94,"column":19},"end":{"line":94,"column":null}},"39":{"start":{"line":97,"column":2},"end":{"line":104,"column":null}},"40":{"start":{"line":131,"column":6},"end":{"line":131,"column":null}},"41":{"start":{"line":133,"column":23},"end":{"line":133,"column":44}},"42":{"start":{"line":135,"column":24},"end":{"line":136,"column":null}},"43":{"start":{"line":138,"column":23},"end":{"line":138,"column":71}},"44":{"start":{"line":139,"column":20},"end":{"line":139,"column":50}},"45":{"start":{"line":140,"column":16},"end":{"line":140,"column":56}},"46":{"start":{"line":142,"column":8},"end":{"line":142,"column":36}},"47":{"start":{"line":143,"column":8},"end":{"line":143,"column":36}},"48":{"start":{"line":144,"column":2},"end":{"line":144,"column":null}},"49":{"start":{"line":145,"column":2},"end":{"line":145,"column":null}},"50":{"start":{"line":147,"column":2},"end":{"line":180,"column":null}},"51":{"start":{"line":148,"column":20},"end":{"line":148,"column":null}},"52":{"start":{"line":151,"column":6},"end":{"line":151,"column":null}},"53":{"start":{"line":152,"column":6},"end":{"line":152,"column":null}},"54":{"start":{"line":154,"column":6},"end":{"line":174,"column":null}},"55":{"start":{"line":155,"column":29},"end":{"line":155,"column":58}},"56":{"start":{"line":156,"column":8},"end":{"line":157,"column":null}},"57":{"start":{"line":157,"column":10},"end":{"line":157,"column":null}},"58":{"start":{"line":160,"column":8},"end":{"line":160,"column":null}},"59":{"start":{"line":160,"column":23},"end":{"line":160,"column":null}},"60":{"start":{"line":161,"column":8},"end":{"line":161,"column":null}},"61":{"start":{"line":163,"column":21},"end":{"line":163,"column":74}},"62":{"start":{"line":164,"column":8},"end":{"line":164,"column":null}},"63":{"start":{"line":164,"column":23},"end":{"line":164,"column":null}},"64":{"start":{"line":166,"column":8},"end":{"line":166,"column":null}},"65":{"start":{"line":167,"column":8},"end":{"line":167,"column":null}},"66":{"start":{"line":169,"column":8},"end":{"line":169,"column":null}},"67":{"start":{"line":169,"column":23},"end":{"line":169,"column":null}},"68":{"start":{"line":170,"column":22},"end":{"line":170,"column":73}},"69":{"start":{"line":171,"column":8},"end":{"line":171,"column":null}},"70":{"start":{"line":172,"column":8},"end":{"line":172,"column":null}},"71":{"start":{"line":174,"column":8},"end":{"line":174,"column":null}},"72":{"start":{"line":174,"column":24},"end":{"line":174,"column":null}},"73":{"start":{"line":178,"column":4},"end":{"line":178,"column":null}},"74":{"start":{"line":179,"column":4},"end":{"line":179,"column":null}},"75":{"start":{"line":179,"column":19},"end":{"line":179,"column":null}},"76":{"start":{"line":182,"column":18},"end":{"line":182,"column":null}},"77":{"start":{"line":184,"column":8},"end":{"line":189,"column":null}},"78":{"start":{"line":186,"column":6},"end":{"line":186,"column":null}},"79":{"start":{"line":186,"column":33},"end":{"line":186,"column":null}},"80":{"start":{"line":187,"column":6},"end":{"line":187,"column":null}},"81":{"start":{"line":192,"column":8},"end":{"line":202,"column":21}},"82":{"start":{"line":193,"column":4},"end":{"line":193,"column":null}},"83":{"start":{"line":193,"column":24},"end":{"line":193,"column":null}},"84":{"start":{"line":194,"column":4},"end":{"line":200,"column":null}},"85":{"start":{"line":195,"column":6},"end":{"line":198,"column":null}},"86":{"start":{"line":200,"column":6},"end":{"line":200,"column":null}},"87":{"start":{"line":204,"column":8},"end":{"line":209,"column":null}},"88":{"start":{"line":206,"column":6},"end":{"line":206,"column":null}},"89":{"start":{"line":206,"column":21},"end":{"line":206,"column":null}},"90":{"start":{"line":207,"column":6},"end":{"line":207,"column":null}},"91":{"start":{"line":212,"column":8},"end":{"line":218,"column":null}},"92":{"start":{"line":214,"column":24},"end":{"line":214,"column":38}},"93":{"start":{"line":215,"column":6},"end":{"line":215,"column":null}},"94":{"start":{"line":215,"column":30},"end":{"line":215,"column":null}},"95":{"start":{"line":216,"column":6},"end":{"line":216,"column":null}},"96":{"start":{"line":221,"column":2},"end":{"line":231,"column":null}}},"fnMap":{"0":{"name":"useCurrencyConverter","decl":{"start":{"line":24,"column":16},"end":{"line":24,"column":null}},"loc":{"start":{"line":26,"column":27},"end":{"line":104,"column":null}},"line":26},"1":{"name":"(anonymous_1)","decl":{"start":{"line":53,"column":2},"end":{"line":53,"column":18}},"loc":{"start":{"line":53,"column":18},"end":{"line":95,"column":6}},"line":53},"2":{"name":"run","decl":{"start":{"line":56,"column":19},"end":{"line":56,"column":25}},"loc":{"start":{"line":56,"column":25},"end":{"line":89,"column":null}},"line":56},"3":{"name":"(anonymous_3)","decl":{"start":{"line":94,"column":4},"end":{"line":94,"column":17}},"loc":{"start":{"line":94,"column":17},"end":{"line":94,"column":null}},"line":94},"4":{"name":"useCurrencyLocalizer","decl":{"start":{"line":121,"column":16},"end":{"line":121,"column":null}},"loc":{"start":{"line":123,"column":27},"end":{"line":231,"column":null}},"line":123},"5":{"name":"(anonymous_5)","decl":{"start":{"line":147,"column":2},"end":{"line":147,"column":18}},"loc":{"start":{"line":147,"column":18},"end":{"line":180,"column":6}},"line":147},"6":{"name":"run","decl":{"start":{"line":150,"column":19},"end":{"line":150,"column":25}},"loc":{"start":{"line":150,"column":25},"end":{"line":174,"column":null}},"line":150},"7":{"name":"(anonymous_7)","decl":{"start":{"line":179,"column":4},"end":{"line":179,"column":17}},"loc":{"start":{"line":179,"column":17},"end":{"line":179,"column":null}},"line":179},"8":{"name":"(anonymous_8)","decl":{"start":{"line":184,"column":18},"end":{"line":184,"column":null}},"loc":{"start":{"line":185,"column":38},"end":{"line":189,"column":5}},"line":185},"9":{"name":"(anonymous_9)","decl":{"start":{"line":192,"column":20},"end":{"line":192,"column":34}},"loc":{"start":{"line":192,"column":34},"end":{"line":202,"column":6}},"line":192},"10":{"name":"(anonymous_10)","decl":{"start":{"line":204,"column":17},"end":{"line":204,"column":null}},"loc":{"start":{"line":205,"column":31},"end":{"line":209,"column":5}},"line":205},"11":{"name":"(anonymous_11)","decl":{"start":{"line":212,"column":27},"end":{"line":212,"column":null}},"loc":{"start":{"line":213,"column":31},"end":{"line":218,"column":5}},"line":213}},"branchMap":{"0":{"loc":{"start":{"line":41,"column":4},"end":{"line":41,"column":null}},"type":"binary-expr","locations":[{"start":{"line":41,"column":4},"end":{"line":41,"column":33}},{"start":{"line":41,"column":37},"end":{"line":41,"column":null}}],"line":41},"1":{"loc":{"start":{"line":63,"column":8},"end":{"line":64,"column":null}},"type":"if","locations":[{"start":{"line":63,"column":8},"end":{"line":64,"column":null}},{"start":{},"end":{}}],"line":63},"2":{"loc":{"start":{"line":67,"column":8},"end":{"line":67,"column":null}},"type":"if","locations":[{"start":{"line":67,"column":8},"end":{"line":67,"column":null}},{"start":{},"end":{}}],"line":67},"3":{"loc":{"start":{"line":72,"column":8},"end":{"line":72,"column":null}},"type":"if","locations":[{"start":{"line":72,"column":8},"end":{"line":72,"column":null}},{"start":{},"end":{}}],"line":72},"4":{"loc":{"start":{"line":84,"column":8},"end":{"line":84,"column":null}},"type":"if","locations":[{"start":{"line":84,"column":8},"end":{"line":84,"column":null}},{"start":{},"end":{}}],"line":84},"5":{"loc":{"start":{"line":85,"column":22},"end":{"line":85,"column":73}},"type":"cond-expr","locations":[{"start":{"line":85,"column":45},"end":{"line":85,"column":51}},{"start":{"line":85,"column":51},"end":{"line":85,"column":73}}],"line":85},"6":{"loc":{"start":{"line":89,"column":8},"end":{"line":89,"column":null}},"type":"if","locations":[{"start":{"line":89,"column":8},"end":{"line":89,"column":null}},{"start":{},"end":{}}],"line":89},"7":{"loc":{"start":{"line":136,"column":4},"end":{"line":136,"column":null}},"type":"binary-expr","locations":[{"start":{"line":136,"column":4},"end":{"line":136,"column":33}},{"start":{"line":136,"column":37},"end":{"line":136,"column":null}}],"line":136},"8":{"loc":{"start":{"line":156,"column":8},"end":{"line":157,"column":null}},"type":"if","locations":[{"start":{"line":156,"column":8},"end":{"line":157,"column":null}},{"start":{},"end":{}}],"line":156},"9":{"loc":{"start":{"line":160,"column":8},"end":{"line":160,"column":null}},"type":"if","locations":[{"start":{"line":160,"column":8},"end":{"line":160,"column":null}},{"start":{},"end":{}}],"line":160},"10":{"loc":{"start":{"line":164,"column":8},"end":{"line":164,"column":null}},"type":"if","locations":[{"start":{"line":164,"column":8},"end":{"line":164,"column":null}},{"start":{},"end":{}}],"line":164},"11":{"loc":{"start":{"line":169,"column":8},"end":{"line":169,"column":null}},"type":"if","locations":[{"start":{"line":169,"column":8},"end":{"line":169,"column":null}},{"start":{},"end":{}}],"line":169},"12":{"loc":{"start":{"line":170,"column":22},"end":{"line":170,"column":73}},"type":"cond-expr","locations":[{"start":{"line":170,"column":45},"end":{"line":170,"column":51}},{"start":{"line":170,"column":51},"end":{"line":170,"column":73}}],"line":170},"13":{"loc":{"start":{"line":174,"column":8},"end":{"line":174,"column":null}},"type":"if","locations":[{"start":{"line":174,"column":8},"end":{"line":174,"column":null}},{"start":{},"end":{}}],"line":174},"14":{"loc":{"start":{"line":182,"column":18},"end":{"line":182,"column":null}},"type":"binary-expr","locations":[{"start":{"line":182,"column":18},"end":{"line":182,"column":43}},{"start":{"line":182,"column":43},"end":{"line":182,"column":null}}],"line":182},"15":{"loc":{"start":{"line":186,"column":6},"end":{"line":186,"column":null}},"type":"if","locations":[{"start":{"line":186,"column":6},"end":{"line":186,"column":null}},{"start":{},"end":{}}],"line":186},"16":{"loc":{"start":{"line":193,"column":4},"end":{"line":193,"column":null}},"type":"if","locations":[{"start":{"line":193,"column":4},"end":{"line":193,"column":null}},{"start":{},"end":{}}],"line":193},"17":{"loc":{"start":{"line":206,"column":6},"end":{"line":206,"column":null}},"type":"if","locations":[{"start":{"line":206,"column":6},"end":{"line":206,"column":null}},{"start":{},"end":{}}],"line":206},"18":{"loc":{"start":{"line":207,"column":16},"end":{"line":207,"column":46}},"type":"binary-expr","locations":[{"start":{"line":207,"column":16},"end":{"line":207,"column":33}},{"start":{"line":207,"column":33},"end":{"line":207,"column":46}}],"line":207},"19":{"loc":{"start":{"line":215,"column":6},"end":{"line":215,"column":null}},"type":"if","locations":[{"start":{"line":215,"column":6},"end":{"line":215,"column":null}},{"start":{},"end":{}}],"line":215}},"s":{"0":26,"1":26,"2":26,"3":26,"4":26,"5":26,"6":26,"7":26,"8":26,"9":26,"10":26,"11":26,"12":14,"13":14,"14":14,"15":14,"16":14,"17":14,"18":11,"19":13,"20":0,"21":13,"22":13,"23":10,"24":0,"25":10,"26":10,"27":10,"28":10,"29":4,"30":0,"31":4,"32":4,"33":4,"34":14,"35":14,"36":14,"37":14,"38":14,"39":26,"40":13,"41":13,"42":13,"43":13,"44":13,"45":13,"46":13,"47":13,"48":13,"49":13,"50":13,"51":7,"52":7,"53":7,"54":7,"55":7,"56":7,"57":6,"58":7,"59":0,"60":7,"61":7,"62":6,"63":0,"64":6,"65":6,"66":1,"67":0,"68":1,"69":1,"70":1,"71":7,"72":7,"73":7,"74":7,"75":7,"76":13,"77":13,"78":4,"79":1,"80":3,"81":13,"82":12,"83":6,"84":6,"85":6,"86":0,"87":13,"88":2,"89":2,"90":0,"91":13,"92":1,"93":1,"94":0,"95":1,"96":13},"f":{"0":26,"1":14,"2":14,"3":14,"4":13,"5":7,"6":7,"7":7,"8":4,"9":12,"10":2,"11":1},"b":{"0":[26,20],"1":[11,3],"2":[0,13],"3":[0,10],"4":[0,4],"5":[4,0],"6":[14,0],"7":[13,11],"8":[6,1],"9":[0,7],"10":[0,6],"11":[0,1],"12":[1,0],"13":[7,0],"14":[13,5],"15":[1,3],"16":[6,6],"17":[2,0],"18":[0,0],"19":[0,1]},"meta":{"lastBranch":20,"lastFunction":12,"lastStatement":97,"seen":{"f:24:16:24:Infinity":0,"s:35:6:35:Infinity":0,"s:37:23:37:44":1,"s:39:25:39:75":2,"s:40:24:41:Infinity":3,"b:41:4:41:33:41:37:41:Infinity":0,"s:43:23:43:71":4,"s:44:20:44:50":5,"s:45:16:45:56":6,"s:48:8:48:40":7,"s:49:8:49:36":8,"s:50:2:50:Infinity":9,"s:51:2:51:Infinity":10,"s:53:2:95:Infinity":11,"f:53:2:53:18":1,"s:54:20:54:Infinity":12,"f:56:19:56:25":2,"s:57:6:57:Infinity":13,"s:58:6:58:Infinity":14,"s:60:6:89:Infinity":15,"s:62:29:62:58":16,"b:63:8:64:Infinity:undefined:undefined:undefined:undefined":1,"s:63:8:64:Infinity":17,"s:64:10:64:Infinity":18,"b:67:8:67:Infinity:undefined:undefined:undefined:undefined":2,"s:67:8:67:Infinity":19,"s:67:23:67:Infinity":20,"s:68:8:68:Infinity":21,"s:71:21:71:74":22,"b:72:8:72:Infinity:undefined:undefined:undefined:undefined":3,"s:72:8:72:Infinity":23,"s:72:23:72:Infinity":24,"s:74:26:74:63":25,"s:75:8:75:Infinity":26,"s:76:8:76:Infinity":27,"s:78:8:82:Infinity":28,"b:84:8:84:Infinity:undefined:undefined:undefined:undefined":4,"s:84:8:84:Infinity":29,"s:84:23:84:Infinity":30,"s:85:22:85:73":31,"b:85:45:85:51:85:51:85:73":5,"s:86:8:86:Infinity":32,"s:87:8:87:Infinity":33,"b:89:8:89:Infinity:undefined:undefined:undefined:undefined":6,"s:89:8:89:Infinity":34,"s:89:24:89:Infinity":35,"s:93:4:93:Infinity":36,"s:94:4:94:Infinity":37,"f:94:4:94:17":3,"s:94:19:94:Infinity":38,"s:97:2:104:Infinity":39,"f:121:16:121:Infinity":4,"s:131:6:131:Infinity":40,"s:133:23:133:44":41,"s:135:24:136:Infinity":42,"b:136:4:136:33:136:37:136:Infinity":7,"s:138:23:138:71":43,"s:139:20:139:50":44,"s:140:16:140:56":45,"s:142:8:142:36":46,"s:143:8:143:36":47,"s:144:2:144:Infinity":48,"s:145:2:145:Infinity":49,"s:147:2:180:Infinity":50,"f:147:2:147:18":5,"s:148:20:148:Infinity":51,"f:150:19:150:25":6,"s:151:6:151:Infinity":52,"s:152:6:152:Infinity":53,"s:154:6:174:Infinity":54,"s:155:29:155:58":55,"b:156:8:157:Infinity:undefined:undefined:undefined:undefined":8,"s:156:8:157:Infinity":56,"s:157:10:157:Infinity":57,"b:160:8:160:Infinity:undefined:undefined:undefined:undefined":9,"s:160:8:160:Infinity":58,"s:160:23:160:Infinity":59,"s:161:8:161:Infinity":60,"s:163:21:163:74":61,"b:164:8:164:Infinity:undefined:undefined:undefined:undefined":10,"s:164:8:164:Infinity":62,"s:164:23:164:Infinity":63,"s:166:8:166:Infinity":64,"s:167:8:167:Infinity":65,"b:169:8:169:Infinity:undefined:undefined:undefined:undefined":11,"s:169:8:169:Infinity":66,"s:169:23:169:Infinity":67,"s:170:22:170:73":68,"b:170:45:170:51:170:51:170:73":12,"s:171:8:171:Infinity":69,"s:172:8:172:Infinity":70,"b:174:8:174:Infinity:undefined:undefined:undefined:undefined":13,"s:174:8:174:Infinity":71,"s:174:24:174:Infinity":72,"s:178:4:178:Infinity":73,"s:179:4:179:Infinity":74,"f:179:4:179:17":7,"s:179:19:179:Infinity":75,"s:182:18:182:Infinity":76,"b:182:18:182:43:182:43:182:Infinity":14,"s:184:8:189:Infinity":77,"f:184:18:184:Infinity":8,"b:186:6:186:Infinity:undefined:undefined:undefined:undefined":15,"s:186:6:186:Infinity":78,"s:186:33:186:Infinity":79,"s:187:6:187:Infinity":80,"s:192:8:202:21":81,"f:192:20:192:34":9,"b:193:4:193:Infinity:undefined:undefined:undefined:undefined":16,"s:193:4:193:Infinity":82,"s:193:24:193:Infinity":83,"s:194:4:200:Infinity":84,"s:195:6:198:Infinity":85,"s:200:6:200:Infinity":86,"s:204:8:209:Infinity":87,"f:204:17:204:Infinity":10,"b:206:6:206:Infinity:undefined:undefined:undefined:undefined":17,"s:206:6:206:Infinity":88,"s:206:21:206:Infinity":89,"s:207:6:207:Infinity":90,"b:207:16:207:33:207:33:207:46":18,"s:212:8:218:Infinity":91,"f:212:27:212:Infinity":11,"s:214:24:214:38":92,"b:215:6:215:Infinity:undefined:undefined:undefined:undefined":19,"s:215:6:215:Infinity":93,"s:215:30:215:Infinity":94,"s:216:6:216:Infinity":95,"s:221:2:231:Infinity":96}}}
}
