<?xml version="1.0" encoding="UTF-8"?>
<coverage generated="1775756783487" clover="3.2.0">
  <project timestamp="1775756783487" name="All files">
    <metrics statements="88" coveredstatements="88" conditionals="64" coveredconditionals="57" methods="14" coveredmethods="14" elements="166" coveredelements="159" complexity="0" loc="88" ncloc="88" packages="1" files="1" classes="1"/>
    <file name="index.ts" path="/home/dministrator/allrate/sdks/javascript/src/index.ts">
      <metrics statements="88" coveredstatements="88" conditionals="64" coveredconditionals="57" methods="14" coveredmethods="14"/>
      <line num="1" count="1" type="stmt"/>
      <line num="2" count="1" type="stmt"/>
      <line num="111" count="18" type="stmt"/>
      <line num="112" count="18" type="stmt"/>
      <line num="113" count="18" type="stmt"/>
      <line num="136" count="65" type="stmt"/>
      <line num="137" count="65" type="cond" truecount="2" falsecount="0"/>
      <line num="138" count="65" type="cond" truecount="2" falsecount="0"/>
      <line num="146" count="50" type="cond" truecount="2" falsecount="0"/>
      <line num="147" count="50" type="cond" truecount="2" falsecount="0"/>
      <line num="148" count="9" type="stmt"/>
      <line num="152" count="41" type="stmt"/>
      <line num="160" count="41" type="stmt"/>
      <line num="161" count="41" type="stmt"/>
      <line num="162" count="90" type="cond" truecount="3" falsecount="1"/>
      <line num="163" count="90" type="stmt"/>
      <line num="167" count="41" type="stmt"/>
      <line num="168" count="41" type="cond" truecount="1" falsecount="1"/>
      <line num="169" count="41" type="cond" truecount="1" falsecount="1"/>
      <line num="170" count="41" type="stmt"/>
      <line num="173" count="41" type="stmt"/>
      <line num="178" count="41" type="cond" truecount="2" falsecount="0"/>
      <line num="179" count="7" type="stmt"/>
      <line num="180" count="7" type="stmt"/>
      <line num="186" count="34" type="stmt"/>
      <line num="190" count="18" type="cond" truecount="2" falsecount="0"/>
      <line num="191" count="5" type="stmt"/>
      <line num="193" count="13" type="stmt"/>
      <line num="212" count="13" type="stmt"/>
      <line num="213" count="13" type="stmt"/>
      <line num="214" count="13" type="cond" truecount="2" falsecount="0"/>
      <line num="215" count="13" type="cond" truecount="2" falsecount="0"/>
      <line num="216" count="2" type="stmt"/>
      <line num="218" count="11" type="stmt"/>
      <line num="223" count="7" type="cond" truecount="2" falsecount="0"/>
      <line num="224" count="13" type="stmt"/>
      <line num="225" count="13" type="stmt"/>
      <line num="226" count="13" type="stmt"/>
      <line num="227" count="6" type="stmt"/>
      <line num="228" count="6" type="cond" truecount="1" falsecount="1"/>
      <line num="230" count="7" type="stmt"/>
      <line num="251" count="7" type="stmt"/>
      <line num="252" count="7" type="stmt"/>
      <line num="253" count="7" type="stmt"/>
      <line num="258" count="7" type="cond" truecount="2" falsecount="0"/>
      <line num="259" count="1" type="stmt"/>
      <line num="261" count="6" type="stmt"/>
      <line num="266" count="6" type="stmt"/>
      <line num="267" count="6" type="cond" truecount="2" falsecount="0"/>
      <line num="268" count="1" type="stmt"/>
      <line num="269" count="1" type="stmt"/>
      <line num="272" count="6" type="cond" truecount="1" falsecount="1"/>
      <line num="273" count="6" type="stmt"/>
      <line num="275" count="6" type="stmt"/>
      <line num="296" count="5" type="stmt"/>
      <line num="297" count="5" type="stmt"/>
      <line num="298" count="5" type="stmt"/>
      <line num="299" count="5" type="cond" truecount="2" falsecount="0"/>
      <line num="300" count="5" type="stmt"/>
      <line num="305" count="5" type="cond" truecount="2" falsecount="0"/>
      <line num="306" count="1" type="stmt"/>
      <line num="308" count="4" type="stmt"/>
      <line num="313" count="4" type="stmt"/>
      <line num="314" count="4" type="cond" truecount="1" falsecount="1"/>
      <line num="315" count="4" type="stmt"/>
      <line num="316" count="3" type="stmt"/>
      <line num="317" count="3" type="cond" truecount="1" falsecount="1"/>
      <line num="318" count="3" type="stmt"/>
      <line num="321" count="4" type="stmt"/>
      <line num="337" count="5" type="stmt"/>
      <line num="338" count="5" type="stmt"/>
      <line num="359" count="8" type="stmt"/>
      <line num="360" count="8" type="stmt"/>
      <line num="361" count="8" type="cond" truecount="2" falsecount="0"/>
      <line num="362" count="7" type="stmt"/>
      <line num="378" count="2" type="stmt"/>
      <line num="379" count="2" type="stmt"/>
      <line num="398" count="4" type="stmt"/>
      <line num="399" count="4" type="stmt"/>
      <line num="425" count="6" type="stmt"/>
      <line num="427" count="6" type="cond" truecount="2" falsecount="0"/>
      <line num="429" count="4" type="stmt"/>
      <line num="430" count="4" type="stmt"/>
      <line num="436" count="4" type="stmt"/>
      <line num="441" count="4" type="cond" truecount="3" falsecount="0"/>
      <line num="442" count="4" type="stmt"/>
      <line num="446" count="1" type="stmt"/>
      <line num="451" count="1" type="stmt"/>
    </file>
  </project>
</coverage>
