{"/home/dministrator/allrate/sdks/javascript/src/index.ts": {"path":"/home/dministrator/allrate/sdks/javascript/src/index.ts","statementMap":{"0":{"start":{"line":1,"column":25},"end":{"line":1,"column":null}},"1":{"start":{"line":2,"column":24},"end":{"line":2,"column":null}},"2":{"start":{"line":111,"column":4},"end":{"line":111,"column":null}},"3":{"start":{"line":112,"column":4},"end":{"line":112,"column":null}},"4":{"start":{"line":113,"column":4},"end":{"line":113,"column":null}},"5":{"start":{"line":136,"column":4},"end":{"line":136,"column":null}},"6":{"start":{"line":137,"column":4},"end":{"line":137,"column":null}},"7":{"start":{"line":138,"column":4},"end":{"line":138,"column":null}},"8":{"start":{"line":146,"column":16},"end":{"line":146,"column":null}},"9":{"start":{"line":147,"column":4},"end":{"line":150,"column":null}},"10":{"start":{"line":148,"column":6},"end":{"line":150,"column":null}},"11":{"start":{"line":152,"column":4},"end":{"line":152,"column":null}},"12":{"start":{"line":160,"column":16},"end":{"line":160,"column":43}},"13":{"start":{"line":161,"column":4},"end":{"line":163,"column":null}},"14":{"start":{"line":162,"column":6},"end":{"line":163,"column":null}},"15":{"start":{"line":163,"column":8},"end":{"line":163,"column":null}},"16":{"start":{"line":167,"column":44},"end":{"line":167,"column":46}},"17":{"start":{"line":168,"column":19},"end":{"line":168,"column":null}},"18":{"start":{"line":169,"column":4},"end":{"line":170,"column":null}},"19":{"start":{"line":170,"column":6},"end":{"line":170,"column":null}},"20":{"start":{"line":173,"column":21},"end":{"line":176,"column":6}},"21":{"start":{"line":178,"column":4},"end":{"line":183,"column":null}},"22":{"start":{"line":179,"column":20},"end":{"line":179,"column":87}},"23":{"start":{"line":179,"column":55},"end":{"line":179,"column":85}},"24":{"start":{"line":180,"column":6},"end":{"line":183,"column":null}},"25":{"start":{"line":186,"column":4},"end":{"line":186,"column":null}},"26":{"start":{"line":190,"column":4},"end":{"line":191,"column":null}},"27":{"start":{"line":191,"column":6},"end":{"line":191,"column":null}},"28":{"start":{"line":193,"column":4},"end":{"line":193,"column":null}},"29":{"start":{"line":212,"column":16},"end":{"line":212,"column":47}},"30":{"start":{"line":213,"column":43},"end":{"line":213,"column":45}},"31":{"start":{"line":214,"column":4},"end":{"line":214,"column":null}},"32":{"start":{"line":215,"column":4},"end":{"line":216,"column":null}},"33":{"start":{"line":216,"column":6},"end":{"line":216,"column":null}},"34":{"start":{"line":218,"column":16},"end":{"line":221,"column":null}},"35":{"start":{"line":223,"column":23},"end":{"line":223,"column":55}},"36":{"start":{"line":224,"column":42},"end":{"line":224,"column":44}},"37":{"start":{"line":225,"column":15},"end":{"line":225,"column":null}},"38":{"start":{"line":226,"column":4},"end":{"line":228,"column":null}},"39":{"start":{"line":227,"column":6},"end":{"line":227,"column":null}},"40":{"start":{"line":228,"column":6},"end":{"line":228,"column":null}},"41":{"start":{"line":228,"column":18},"end":{"line":228,"column":null}},"42":{"start":{"line":230,"column":4},"end":{"line":230,"column":null}},"43":{"start":{"line":251,"column":16},"end":{"line":251,"column":47}},"44":{"start":{"line":252,"column":20},"end":{"line":252,"column":41}},"45":{"start":{"line":253,"column":43},"end":{"line":257,"column":null}},"46":{"start":{"line":258,"column":4},"end":{"line":259,"column":null}},"47":{"start":{"line":259,"column":6},"end":{"line":259,"column":null}},"48":{"start":{"line":261,"column":16},"end":{"line":264,"column":null}},"49":{"start":{"line":266,"column":42},"end":{"line":266,"column":44}},"50":{"start":{"line":267,"column":4},"end":{"line":269,"column":null}},"51":{"start":{"line":268,"column":6},"end":{"line":269,"column":null}},"52":{"start":{"line":269,"column":8},"end":{"line":269,"column":null}},"53":{"start":{"line":272,"column":4},"end":{"line":273,"column":null}},"54":{"start":{"line":273,"column":6},"end":{"line":273,"column":null}},"55":{"start":{"line":275,"column":4},"end":{"line":275,"column":null}},"56":{"start":{"line":296,"column":16},"end":{"line":296,"column":47}},"57":{"start":{"line":297,"column":18},"end":{"line":297,"column":44}},"58":{"start":{"line":298,"column":16},"end":{"line":298,"column":40}},"59":{"start":{"line":299,"column":19},"end":{"line":299,"column":null}},"60":{"start":{"line":300,"column":43},"end":{"line":304,"column":null}},"61":{"start":{"line":305,"column":4},"end":{"line":306,"column":null}},"62":{"start":{"line":306,"column":6},"end":{"line":306,"column":null}},"63":{"start":{"line":308,"column":16},"end":{"line":311,"column":null}},"64":{"start":{"line":313,"column":58},"end":{"line":313,"column":60}},"65":{"start":{"line":314,"column":4},"end":{"line":318,"column":null}},"66":{"start":{"line":315,"column":6},"end":{"line":318,"column":null}},"67":{"start":{"line":316,"column":24},"end":{"line":316,"column":null}},"68":{"start":{"line":317,"column":8},"end":{"line":317,"column":null}},"69":{"start":{"line":317,"column":29},"end":{"line":317,"column":null}},"70":{"start":{"line":318,"column":8},"end":{"line":318,"column":null}},"71":{"start":{"line":321,"column":4},"end":{"line":321,"column":null}},"72":{"start":{"line":337,"column":16},"end":{"line":337,"column":47}},"73":{"start":{"line":338,"column":4},"end":{"line":338,"column":null}},"74":{"start":{"line":359,"column":16},"end":{"line":359,"column":47}},"75":{"start":{"line":360,"column":43},"end":{"line":360,"column":null}},"76":{"start":{"line":361,"column":4},"end":{"line":361,"column":null}},"77":{"start":{"line":361,"column":30},"end":{"line":361,"column":null}},"78":{"start":{"line":362,"column":4},"end":{"line":362,"column":null}},"79":{"start":{"line":378,"column":16},"end":{"line":378,"column":47}},"80":{"start":{"line":379,"column":4},"end":{"line":379,"column":null}},"81":{"start":{"line":398,"column":16},"end":{"line":398,"column":47}},"82":{"start":{"line":399,"column":4},"end":{"line":403,"column":null}},"83":{"start":{"line":425,"column":16},"end":{"line":425,"column":47}},"84":{"start":{"line":427,"column":4},"end":{"line":442,"column":null}},"85":{"start":{"line":429,"column":22},"end":{"line":429,"column":51}},"86":{"start":{"line":430,"column":45},"end":{"line":435,"column":null}},"87":{"start":{"line":436,"column":18},"end":{"line":439,"column":null}},"88":{"start":{"line":441,"column":19},"end":{"line":441,"column":null}},"89":{"start":{"line":442,"column":6},"end":{"line":442,"column":null}},"90":{"start":{"line":446,"column":17},"end":{"line":449,"column":null}},"91":{"start":{"line":451,"column":4},"end":{"line":457,"column":null}}},"fnMap":{"0":{"name":"(anonymous_0)","decl":{"start":{"line":110,"column":2},"end":{"line":110,"column":14}},"loc":{"start":{"line":110,"column":48},"end":{"line":113,"column":null}},"line":110},"1":{"name":"(anonymous_1)","decl":{"start":{"line":135,"column":2},"end":{"line":135,"column":14}},"loc":{"start":{"line":135,"column":50},"end":{"line":138,"column":null}},"line":135},"2":{"name":"(anonymous_2)","decl":{"start":{"line":145,"column":2},"end":{"line":145,"column":10}},"loc":{"start":{"line":145,"column":48},"end":{"line":152,"column":null}},"line":145},"3":{"name":"(anonymous_3)","decl":{"start":{"line":155,"column":16},"end":{"line":155,"column":null}},"loc":{"start":{"line":159,"column":16},"end":{"line":186,"column":null}},"line":159},"4":{"name":"(anonymous_4)","decl":{"start":{"line":179,"column":42},"end":{"line":179,"column":55}},"loc":{"start":{"line":179,"column":55},"end":{"line":179,"column":85}},"line":179},"5":{"name":"(anonymous_5)","decl":{"start":{"line":189,"column":2},"end":{"line":189,"column":10}},"loc":{"start":{"line":189,"column":50},"end":{"line":193,"column":null}},"line":189},"6":{"name":"(anonymous_6)","decl":{"start":{"line":211,"column":8},"end":{"line":211,"column":15}},"loc":{"start":{"line":211,"column":69},"end":{"line":230,"column":null}},"line":211},"7":{"name":"(anonymous_7)","decl":{"start":{"line":247,"column":8},"end":{"line":247,"column":null}},"loc":{"start":{"line":250,"column":30},"end":{"line":275,"column":null}},"line":250},"8":{"name":"(anonymous_8)","decl":{"start":{"line":291,"column":8},"end":{"line":291,"column":null}},"loc":{"start":{"line":295,"column":33},"end":{"line":321,"column":null}},"line":295},"9":{"name":"(anonymous_9)","decl":{"start":{"line":336,"column":8},"end":{"line":336,"column":16}},"loc":{"start":{"line":336,"column":72},"end":{"line":338,"column":null}},"line":336},"10":{"name":"(anonymous_10)","decl":{"start":{"line":353,"column":8},"end":{"line":353,"column":null}},"loc":{"start":{"line":358,"column":27},"end":{"line":362,"column":null}},"line":358},"11":{"name":"(anonymous_11)","decl":{"start":{"line":373,"column":8},"end":{"line":373,"column":null}},"loc":{"start":{"line":377,"column":33},"end":{"line":379,"column":null}},"line":377},"12":{"name":"(anonymous_12)","decl":{"start":{"line":392,"column":8},"end":{"line":392,"column":null}},"loc":{"start":{"line":397,"column":37},"end":{"line":403,"column":null}},"line":397},"13":{"name":"(anonymous_13)","decl":{"start":{"line":419,"column":8},"end":{"line":419,"column":null}},"loc":{"start":{"line":424,"column":30},"end":{"line":457,"column":null}},"line":424}},"branchMap":{"0":{"loc":{"start":{"line":135,"column":14},"end":{"line":135,"column":48}},"type":"default-arg","locations":[{"start":{"line":135,"column":46},"end":{"line":135,"column":48}}],"line":135},"1":{"loc":{"start":{"line":137,"column":19},"end":{"line":137,"column":null}},"type":"binary-expr","locations":[{"start":{"line":137,"column":19},"end":{"line":137,"column":38}},{"start":{"line":137,"column":38},"end":{"line":137,"column":null}}],"line":137},"2":{"loc":{"start":{"line":138,"column":19},"end":{"line":138,"column":null}},"type":"binary-expr","locations":[{"start":{"line":138,"column":19},"end":{"line":138,"column":38}},{"start":{"line":138,"column":38},"end":{"line":138,"column":null}}],"line":138},"3":{"loc":{"start":{"line":146,"column":16},"end":{"line":146,"column":null}},"type":"binary-expr","locations":[{"start":{"line":146,"column":16},"end":{"line":146,"column":28}},{"start":{"line":146,"column":28},"end":{"line":146,"column":null}}],"line":146},"4":{"loc":{"start":{"line":147,"column":4},"end":{"line":150,"column":null}},"type":"if","locations":[{"start":{"line":147,"column":4},"end":{"line":150,"column":null}},{"start":{},"end":{}}],"line":147},"5":{"loc":{"start":{"line":157,"column":4},"end":{"line":157,"column":39}},"type":"default-arg","locations":[{"start":{"line":157,"column":37},"end":{"line":157,"column":39}}],"line":157},"6":{"loc":{"start":{"line":162,"column":6},"end":{"line":163,"column":null}},"type":"if","locations":[{"start":{"line":162,"column":6},"end":{"line":163,"column":null}},{"start":{},"end":{}}],"line":162},"7":{"loc":{"start":{"line":162,"column":10},"end":{"line":162,"column":47}},"type":"binary-expr","locations":[{"start":{"line":162,"column":10},"end":{"line":162,"column":33}},{"start":{"line":162,"column":33},"end":{"line":162,"column":47}}],"line":162},"8":{"loc":{"start":{"line":168,"column":19},"end":{"line":168,"column":null}},"type":"binary-expr","locations":[{"start":{"line":168,"column":19},"end":{"line":168,"column":34}},{"start":{"line":168,"column":34},"end":{"line":168,"column":null}}],"line":168},"9":{"loc":{"start":{"line":169,"column":4},"end":{"line":170,"column":null}},"type":"if","locations":[{"start":{"line":169,"column":4},"end":{"line":170,"column":null}},{"start":{},"end":{}}],"line":169},"10":{"loc":{"start":{"line":178,"column":4},"end":{"line":183,"column":null}},"type":"if","locations":[{"start":{"line":178,"column":4},"end":{"line":183,"column":null}},{"start":{},"end":{}}],"line":178},"11":{"loc":{"start":{"line":181,"column":9},"end":{"line":181,"column":null}},"type":"binary-expr","locations":[{"start":{"line":181,"column":9},"end":{"line":181,"column":32}},{"start":{"line":181,"column":32},"end":{"line":181,"column":null}}],"line":181},"12":{"loc":{"start":{"line":190,"column":4},"end":{"line":191,"column":null}},"type":"if","locations":[{"start":{"line":190,"column":4},"end":{"line":191,"column":null}},{"start":{},"end":{}}],"line":190},"13":{"loc":{"start":{"line":211,"column":15},"end":{"line":211,"column":42}},"type":"default-arg","locations":[{"start":{"line":211,"column":40},"end":{"line":211,"column":42}}],"line":211},"14":{"loc":{"start":{"line":214,"column":20},"end":{"line":214,"column":null}},"type":"binary-expr","locations":[{"start":{"line":214,"column":20},"end":{"line":214,"column":36}},{"start":{"line":214,"column":36},"end":{"line":214,"column":null}}],"line":214},"15":{"loc":{"start":{"line":215,"column":4},"end":{"line":216,"column":null}},"type":"if","locations":[{"start":{"line":215,"column":4},"end":{"line":216,"column":null}},{"start":{},"end":{}}],"line":215},"16":{"loc":{"start":{"line":223,"column":23},"end":{"line":223,"column":55}},"type":"cond-expr","locations":[{"start":{"line":223,"column":44},"end":{"line":223,"column":50}},{"start":{"line":223,"column":50},"end":{"line":223,"column":55}}],"line":223},"17":{"loc":{"start":{"line":228,"column":6},"end":{"line":228,"column":null}},"type":"if","locations":[{"start":{"line":228,"column":6},"end":{"line":228,"column":null}},{"start":{},"end":{}}],"line":228},"18":{"loc":{"start":{"line":249,"column":4},"end":{"line":249,"column":32}},"type":"default-arg","locations":[{"start":{"line":249,"column":30},"end":{"line":249,"column":32}}],"line":249},"19":{"loc":{"start":{"line":254,"column":14},"end":{"line":254,"column":null}},"type":"binary-expr","locations":[{"start":{"line":254,"column":14},"end":{"line":254,"column":30}},{"start":{"line":254,"column":30},"end":{"line":254,"column":null}}],"line":254},"20":{"loc":{"start":{"line":258,"column":4},"end":{"line":259,"column":null}},"type":"if","locations":[{"start":{"line":258,"column":4},"end":{"line":259,"column":null}},{"start":{},"end":{}}],"line":258},"21":{"loc":{"start":{"line":267,"column":4},"end":{"line":269,"column":null}},"type":"if","locations":[{"start":{"line":267,"column":4},"end":{"line":269,"column":null}},{"start":{},"end":{}}],"line":267},"22":{"loc":{"start":{"line":272,"column":4},"end":{"line":273,"column":null}},"type":"if","locations":[{"start":{"line":272,"column":4},"end":{"line":273,"column":null}},{"start":{},"end":{}}],"line":272},"23":{"loc":{"start":{"line":294,"column":4},"end":{"line":294,"column":35}},"type":"default-arg","locations":[{"start":{"line":294,"column":33},"end":{"line":294,"column":35}}],"line":294},"24":{"loc":{"start":{"line":299,"column":19},"end":{"line":299,"column":null}},"type":"binary-expr","locations":[{"start":{"line":299,"column":19},"end":{"line":299,"column":35}},{"start":{"line":299,"column":35},"end":{"line":299,"column":null}}],"line":299},"25":{"loc":{"start":{"line":305,"column":4},"end":{"line":306,"column":null}},"type":"if","locations":[{"start":{"line":305,"column":4},"end":{"line":306,"column":null}},{"start":{},"end":{}}],"line":305},"26":{"loc":{"start":{"line":314,"column":4},"end":{"line":318,"column":null}},"type":"if","locations":[{"start":{"line":314,"column":4},"end":{"line":318,"column":null}},{"start":{},"end":{}}],"line":314},"27":{"loc":{"start":{"line":317,"column":8},"end":{"line":317,"column":null}},"type":"if","locations":[{"start":{"line":317,"column":8},"end":{"line":317,"column":null}},{"start":{},"end":{}}],"line":317},"28":{"loc":{"start":{"line":336,"column":16},"end":{"line":336,"column":44}},"type":"default-arg","locations":[{"start":{"line":336,"column":42},"end":{"line":336,"column":44}}],"line":336},"29":{"loc":{"start":{"line":357,"column":4},"end":{"line":357,"column":32}},"type":"default-arg","locations":[{"start":{"line":357,"column":30},"end":{"line":357,"column":32}}],"line":357},"30":{"loc":{"start":{"line":361,"column":4},"end":{"line":361,"column":null}},"type":"if","locations":[{"start":{"line":361,"column":4},"end":{"line":361,"column":null}},{"start":{},"end":{}}],"line":361},"31":{"loc":{"start":{"line":376,"column":4},"end":{"line":376,"column":32}},"type":"default-arg","locations":[{"start":{"line":376,"column":30},"end":{"line":376,"column":32}}],"line":376},"32":{"loc":{"start":{"line":395,"column":4},"end":{"line":395,"column":null}},"type":"default-arg","locations":[{"start":{"line":395,"column":41},"end":{"line":395,"column":null}}],"line":395},"33":{"loc":{"start":{"line":396,"column":4},"end":{"line":396,"column":32}},"type":"default-arg","locations":[{"start":{"line":396,"column":30},"end":{"line":396,"column":32}}],"line":396},"34":{"loc":{"start":{"line":423,"column":4},"end":{"line":423,"column":32}},"type":"default-arg","locations":[{"start":{"line":423,"column":30},"end":{"line":423,"column":32}}],"line":423},"35":{"loc":{"start":{"line":427,"column":4},"end":{"line":442,"column":null}},"type":"if","locations":[{"start":{"line":427,"column":4},"end":{"line":442,"column":null}},{"start":{},"end":{}}],"line":427},"36":{"loc":{"start":{"line":441,"column":19},"end":{"line":441,"column":null}},"type":"binary-expr","locations":[{"start":{"line":441,"column":19},"end":{"line":441,"column":40}},{"start":{"line":441,"column":40},"end":{"line":441,"column":64}},{"start":{"line":441,"column":64},"end":{"line":441,"column":null}}],"line":441}},"s":{"0":1,"1":1,"2":18,"3":18,"4":18,"5":65,"6":65,"7":65,"8":50,"9":50,"10":9,"11":41,"12":41,"13":41,"14":90,"15":90,"16":41,"17":41,"18":41,"19":41,"20":41,"21":41,"22":7,"23":1,"24":7,"25":34,"26":18,"27":5,"28":13,"29":13,"30":13,"31":13,"32":13,"33":2,"34":11,"35":7,"36":13,"37":13,"38":13,"39":6,"40":6,"41":6,"42":7,"43":7,"44":7,"45":7,"46":7,"47":1,"48":6,"49":6,"50":6,"51":1,"52":1,"53":6,"54":6,"55":6,"56":5,"57":5,"58":5,"59":5,"60":5,"61":5,"62":1,"63":4,"64":4,"65":4,"66":4,"67":3,"68":3,"69":3,"70":3,"71":4,"72":5,"73":5,"74":8,"75":8,"76":8,"77":1,"78":7,"79":2,"80":2,"81":4,"82":4,"83":6,"84":6,"85":4,"86":4,"87":4,"88":4,"89":4,"90":1,"91":1},"f":{"0":18,"1":65,"2":50,"3":41,"4":1,"5":18,"6":13,"7":7,"8":5,"9":5,"10":8,"11":2,"12":4,"13":6},"b":{"0":[65],"1":[65,63],"2":[65,64],"3":[50,47],"4":[9,41],"5":[41],"6":[90,0],"7":[90,90],"8":[41,0],"9":[41,0],"10":[7,34],"11":[7,1],"12":[5,13],"13":[13],"14":[13,10],"15":[2,11],"16":[6,1],"17":[6,0],"18":[7],"19":[7,5],"20":[1,6],"21":[1,5],"22":[6,0],"23":[5],"24":[5,3],"25":[1,4],"26":[4,0],"27":[3,0],"28":[5],"29":[8],"30":[1,7],"31":[2],"32":[4],"33":[4],"34":[6],"35":[4,2],"36":[4,2,1]},"meta":{"lastBranch":37,"lastFunction":14,"lastStatement":92,"seen":{"s:1:25:1:Infinity":0,"s:2:24:2:Infinity":1,"f:110:2:110:14":0,"s:111:4:111:Infinity":2,"s:112:4:112:Infinity":3,"s:113:4:113:Infinity":4,"f:135:2:135:14":1,"b:135:46:135:48":0,"s:136:4:136:Infinity":5,"s:137:4:137:Infinity":6,"b:137:19:137:38:137:38:137:Infinity":1,"s:138:4:138:Infinity":7,"b:138:19:138:38:138:38:138:Infinity":2,"f:145:2:145:10":2,"s:146:16:146:Infinity":8,"b:146:16:146:28:146:28:146:Infinity":3,"b:147:4:150:Infinity:undefined:undefined:undefined:undefined":4,"s:147:4:150:Infinity":9,"s:148:6:150:Infinity":10,"s:152:4:152:Infinity":11,"f:155:16:155:Infinity":3,"b:157:37:157:39":5,"s:160:16:160:43":12,"s:161:4:163:Infinity":13,"b:162:6:163:Infinity:undefined:undefined:undefined:undefined":6,"s:162:6:163:Infinity":14,"b:162:10:162:33:162:33:162:47":7,"s:163:8:163:Infinity":15,"s:167:44:167:46":16,"s:168:19:168:Infinity":17,"b:168:19:168:34:168:34:168:Infinity":8,"b:169:4:170:Infinity:undefined:undefined:undefined:undefined":9,"s:169:4:170:Infinity":18,"s:170:6:170:Infinity":19,"s:173:21:176:6":20,"b:178:4:183:Infinity:undefined:undefined:undefined:undefined":10,"s:178:4:183:Infinity":21,"s:179:20:179:87":22,"f:179:42:179:55":4,"s:179:55:179:85":23,"s:180:6:183:Infinity":24,"b:181:9:181:32:181:32:181:Infinity":11,"s:186:4:186:Infinity":25,"f:189:2:189:10":5,"b:190:4:191:Infinity:undefined:undefined:undefined:undefined":12,"s:190:4:191:Infinity":26,"s:191:6:191:Infinity":27,"s:193:4:193:Infinity":28,"f:211:8:211:15":6,"b:211:40:211:42":13,"s:212:16:212:47":29,"s:213:43:213:45":30,"s:214:4:214:Infinity":31,"b:214:20:214:36:214:36:214:Infinity":14,"b:215:4:216:Infinity:undefined:undefined:undefined:undefined":15,"s:215:4:216:Infinity":32,"s:216:6:216:Infinity":33,"s:218:16:221:Infinity":34,"s:223:23:223:55":35,"b:223:44:223:50:223:50:223:55":16,"s:224:42:224:44":36,"s:225:15:225:Infinity":37,"s:226:4:228:Infinity":38,"s:227:6:227:Infinity":39,"b:228:6:228:Infinity:undefined:undefined:undefined:undefined":17,"s:228:6:228:Infinity":40,"s:228:18:228:Infinity":41,"s:230:4:230:Infinity":42,"f:247:8:247:Infinity":7,"b:249:30:249:32":18,"s:251:16:251:47":43,"s:252:20:252:41":44,"s:253:43:257:Infinity":45,"b:254:14:254:30:254:30:254:Infinity":19,"b:258:4:259:Infinity:undefined:undefined:undefined:undefined":20,"s:258:4:259:Infinity":46,"s:259:6:259:Infinity":47,"s:261:16:264:Infinity":48,"s:266:42:266:44":49,"b:267:4:269:Infinity:undefined:undefined:undefined:undefined":21,"s:267:4:269:Infinity":50,"s:268:6:269:Infinity":51,"s:269:8:269:Infinity":52,"b:272:4:273:Infinity:undefined:undefined:undefined:undefined":22,"s:272:4:273:Infinity":53,"s:273:6:273:Infinity":54,"s:275:4:275:Infinity":55,"f:291:8:291:Infinity":8,"b:294:33:294:35":23,"s:296:16:296:47":56,"s:297:18:297:44":57,"s:298:16:298:40":58,"s:299:19:299:Infinity":59,"b:299:19:299:35:299:35:299:Infinity":24,"s:300:43:304:Infinity":60,"b:305:4:306:Infinity:undefined:undefined:undefined:undefined":25,"s:305:4:306:Infinity":61,"s:306:6:306:Infinity":62,"s:308:16:311:Infinity":63,"s:313:58:313:60":64,"b:314:4:318:Infinity:undefined:undefined:undefined:undefined":26,"s:314:4:318:Infinity":65,"s:315:6:318:Infinity":66,"s:316:24:316:Infinity":67,"b:317:8:317:Infinity:undefined:undefined:undefined:undefined":27,"s:317:8:317:Infinity":68,"s:317:29:317:Infinity":69,"s:318:8:318:Infinity":70,"s:321:4:321:Infinity":71,"f:336:8:336:16":9,"b:336:42:336:44":28,"s:337:16:337:47":72,"s:338:4:338:Infinity":73,"f:353:8:353:Infinity":10,"b:357:30:357:32":29,"s:359:16:359:47":74,"s:360:43:360:Infinity":75,"b:361:4:361:Infinity:undefined:undefined:undefined:undefined":30,"s:361:4:361:Infinity":76,"s:361:30:361:Infinity":77,"s:362:4:362:Infinity":78,"f:373:8:373:Infinity":11,"b:376:30:376:32":31,"s:378:16:378:47":79,"s:379:4:379:Infinity":80,"f:392:8:392:Infinity":12,"b:395:41:395:Infinity":32,"b:396:30:396:32":33,"s:398:16:398:47":81,"s:399:4:403:Infinity":82,"f:419:8:419:Infinity":13,"b:423:30:423:32":34,"s:425:16:425:47":83,"b:427:4:442:Infinity:undefined:undefined:undefined:undefined":35,"s:427:4:442:Infinity":84,"s:429:22:429:51":85,"s:430:45:435:Infinity":86,"s:436:18:439:Infinity":87,"s:441:19:441:Infinity":88,"b:441:19:441:40:441:40:441:64:441:64:441:Infinity":36,"s:442:6:442:Infinity":89,"s:446:17:449:Infinity":90,"s:451:4:457:Infinity":91}}}
}
